2024-11-30 12:10:40,482 - re_engagement - INFO - Starting re-engagement system
2024-11-30 12:10:40,483 - re_engagement - INFO - Beginning re-engagement cycle
2024-11-30 12:10:40,484 - re_engagement - INFO - Starting weekly reset notification process
2024-11-30 12:10:40,973 - re_engagement - INFO - Found 0 users eligible for weekly reset notification
2024-11-30 12:10:40,973 - re_engagement - INFO - Weekly reset notifications completed. Success: 0/0
2024-11-30 12:11:41,204 - re_engagement - INFO - Starting inactive users re-engagement process
2024-11-30 12:11:41,669 - re_engagement - INFO - Found 0 inactive users to re-engage
2024-11-30 12:11:41,670 - re_engagement - INFO - Inactive user re-engagement completed. Success: 0/0
2024-11-30 12:12:41,900 - re_engagement - INFO - Starting subscription reminder process
2024-11-30 12:12:42,363 - re_engagement - INFO - Found 0 users eligible for subscription reminders
2024-11-30 12:12:42,364 - re_engagement - INFO - Subscription reminders completed. Success: 0/0
2024-11-30 12:12:42,593 - re_engagement - INFO - Re-engagement cycle completed successfully
2024-11-30 12:12:42,594 - re_engagement - INFO - Waiting 6 hours before next cycle
2024-11-30 12:21:20,454 - re_engagement - INFO - Starting re-engagement system
2024-11-30 12:21:20,454 - re_engagement - INFO - Beginning re-engagement cycle
2024-11-30 12:21:20,454 - re_engagement - INFO - Starting weekly reset notification process
2024-11-30 12:21:20,952 - re_engagement - INFO - Found 0 users eligible for weekly reset notification
2024-11-30 12:21:20,952 - re_engagement - INFO - Weekly reset notifications completed. Success: 0/0
2024-11-30 12:22:21,188 - re_engagement - INFO - Starting inactive users re-engagement process
2024-11-30 12:22:21,691 - re_engagement - INFO - Found 0 inactive users to re-engage
2024-11-30 12:22:21,691 - re_engagement - INFO - Inactive user re-engagement completed. Success: 0/0
2024-11-30 12:23:21,926 - re_engagement - INFO - Starting subscription reminder process
2024-11-30 12:23:22,400 - re_engagement - INFO - Found 0 users eligible for subscription reminders
2024-11-30 12:23:22,401 - re_engagement - INFO - Subscription reminders completed. Success: 0/0
2024-11-30 12:23:22,635 - re_engagement - INFO - Re-engagement cycle completed successfully
2024-11-30 12:23:22,636 - re_engagement - INFO - Waiting 6 hours before next cycle
2024-11-30 12:24:04,674 - re_engagement - INFO - Starting re-engagement system
2024-11-30 12:24:04,675 - re_engagement - INFO - Beginning re-engagement cycle
2024-11-30 12:24:04,675 - re_engagement - INFO - Starting weekly reset notification process
2024-11-30 12:24:05,147 - re_engagement - INFO - Found 0 users eligible for weekly reset notification
2024-11-30 12:24:05,147 - re_engagement - INFO - Weekly reset notifications completed. Success: 0/0
2024-11-30 12:25:05,376 - re_engagement - INFO - Starting inactive users re-engagement process
2024-11-30 12:25:05,839 - re_engagement - INFO - Found 0 inactive users to re-engage
2024-11-30 12:25:05,839 - re_engagement - INFO - Inactive user re-engagement completed. Success: 0/0
2024-11-30 12:26:06,069 - re_engagement - INFO - Starting subscription reminder process
2024-11-30 12:26:06,528 - re_engagement - INFO - Found 0 users eligible for subscription reminders
2024-11-30 12:26:06,528 - re_engagement - INFO - Subscription reminders completed. Success: 0/0
2024-11-30 12:26:06,757 - re_engagement - INFO - Re-engagement cycle completed successfully
2024-11-30 12:26:06,757 - re_engagement - INFO - Waiting 6 hours before next cycle
2024-11-30 12:28:22,114 - re_engagement - INFO - Starting re-engagement system
2024-11-30 12:28:22,114 - re_engagement - INFO - Beginning re-engagement cycle
2024-11-30 12:28:22,114 - re_engagement - INFO - Starting weekly reset notification process
2024-11-30 12:28:22,592 - re_engagement - INFO - Found 0 users eligible for weekly reset notification
2024-11-30 12:28:22,592 - re_engagement - INFO - Weekly reset notifications completed. Success: 0/0
2024-11-30 12:29:22,827 - re_engagement - INFO - Starting inactive users re-engagement process
2024-11-30 12:29:23,296 - re_engagement - INFO - Found 0 inactive users to re-engage
2024-11-30 12:29:23,296 - re_engagement - INFO - Inactive user re-engagement completed. Success: 0/0
2024-11-30 12:30:23,530 - re_engagement - INFO - Starting subscription reminder process
2024-11-30 12:30:23,999 - re_engagement - INFO - Found 0 users eligible for subscription reminders
2024-11-30 12:30:23,999 - re_engagement - INFO - Subscription reminders completed. Success: 0/0
2024-11-30 12:30:24,232 - re_engagement - INFO - Re-engagement cycle completed successfully
2024-11-30 12:30:24,232 - re_engagement - INFO - Waiting 6 hours before next cycle
2024-11-30 12:33:52,605 - re_engagement - INFO - Starting re-engagement system
2024-11-30 12:33:52,605 - re_engagement - INFO - Beginning re-engagement cycle
2024-11-30 12:33:52,605 - re_engagement - INFO - Starting weekly reset notification process
2024-11-30 12:33:53,074 - re_engagement - INFO - Found 0 users eligible for weekly reset notification
2024-11-30 12:33:53,074 - re_engagement - INFO - Weekly reset notifications completed. Success: 0/0
2024-11-30 12:34:59,139 - re_engagement - INFO - Starting inactive users re-engagement process
2024-11-30 12:34:59,600 - re_engagement - INFO - Found 0 inactive users to re-engage
2024-11-30 12:34:59,600 - re_engagement - INFO - Inactive user re-engagement completed. Success: 0/0
2024-11-30 12:36:03,473 - re_engagement - INFO - Starting re-engagement system
2024-11-30 12:36:03,473 - re_engagement - INFO - Beginning re-engagement cycle
2024-11-30 12:36:03,474 - re_engagement - INFO - Starting weekly reset notification process
2024-11-30 12:36:03,953 - re_engagement - INFO - Found 0 users eligible for weekly reset notification
2024-11-30 12:36:03,953 - re_engagement - INFO - Weekly reset notifications completed. Success: 0/0
2024-11-30 12:37:04,184 - re_engagement - INFO - Starting inactive users re-engagement process
2024-11-30 12:37:04,647 - re_engagement - INFO - Found 0 inactive users to re-engage
2024-11-30 12:37:04,647 - re_engagement - INFO - Inactive user re-engagement completed. Success: 0/0
2024-11-30 12:38:04,877 - re_engagement - INFO - Starting subscription reminder process
2024-11-30 12:38:05,345 - re_engagement - INFO - Found 0 users eligible for subscription reminders
2024-11-30 12:38:05,346 - re_engagement - INFO - Subscription reminders completed. Success: 0/0
2024-11-30 12:38:05,579 - re_engagement - INFO - Re-engagement cycle completed successfully
2024-11-30 12:38:05,579 - re_engagement - INFO - Waiting 6 hours before next cycle
2024-11-30 12:46:26,115 - re_engagement - INFO - Starting re-engagement system
2024-11-30 12:46:26,115 - re_engagement - INFO - Beginning re-engagement cycle
2024-11-30 12:46:26,115 - re_engagement - INFO - Starting weekly reset notification process
2024-11-30 12:46:26,606 - re_engagement - INFO - Found 0 users eligible for weekly reset notification
2024-11-30 12:46:26,607 - re_engagement - INFO - Weekly reset notifications completed. Success: 0/0
2024-11-30 12:47:26,838 - re_engagement - INFO - Starting inactive users re-engagement process
2024-11-30 12:47:27,312 - re_engagement - INFO - Found 0 inactive users to re-engage
2024-11-30 12:47:27,312 - re_engagement - INFO - Inactive user re-engagement completed. Success: 0/0
2024-11-30 12:48:27,545 - re_engagement - INFO - Starting subscription reminder process
2024-11-30 12:48:28,013 - re_engagement - INFO - Found 0 users eligible for subscription reminders
2024-11-30 12:48:28,014 - re_engagement - INFO - Subscription reminders completed. Success: 0/0
2024-11-30 12:48:28,246 - re_engagement - INFO - Re-engagement cycle completed successfully
2024-11-30 12:48:28,246 - re_engagement - INFO - Waiting 6 hours before next cycle
2024-11-30 12:48:54,784 - re_engagement - INFO - Starting re-engagement system
2024-11-30 12:48:54,784 - re_engagement - INFO - Beginning re-engagement cycle
2024-11-30 12:48:54,784 - re_engagement - INFO - Starting weekly reset notification process
2024-11-30 12:48:55,253 - re_engagement - INFO - Found 0 users eligible for weekly reset notification
2024-11-30 12:48:55,253 - re_engagement - INFO - Weekly reset notifications completed. Success: 0/0
2024-11-30 12:50:00,100 - re_engagement - INFO - Starting inactive users re-engagement process
2024-11-30 12:50:00,558 - re_engagement - INFO - Found 0 inactive users to re-engage
2024-11-30 12:50:00,559 - re_engagement - INFO - Inactive user re-engagement completed. Success: 0/0
2024-11-30 12:51:00,788 - re_engagement - INFO - Starting subscription reminder process
2024-11-30 12:51:01,248 - re_engagement - INFO - Found 0 users eligible for subscription reminders
2024-11-30 12:51:01,248 - re_engagement - INFO - Subscription reminders completed. Success: 0/0
2024-11-30 12:51:01,476 - re_engagement - INFO - Re-engagement cycle completed successfully
2024-11-30 12:51:01,476 - re_engagement - INFO - Waiting 6 hours before next cycle
2024-11-30 17:52:20,886 - re_engagement - INFO - Starting re-engagement system
2024-11-30 17:52:20,886 - re_engagement - INFO - Beginning re-engagement cycle
2024-11-30 17:52:20,886 - re_engagement - INFO - Starting weekly reset notification process
2024-11-30 17:52:21,366 - re_engagement - INFO - Found 0 users eligible for weekly reset notification
2024-11-30 17:52:21,367 - re_engagement - INFO - Weekly reset notifications completed. Success: 0/0
2024-11-30 17:53:21,602 - re_engagement - INFO - Starting inactive users re-engagement process
2024-11-30 17:53:22,069 - re_engagement - INFO - Found 0 inactive users to re-engage
2024-11-30 17:53:22,070 - re_engagement - INFO - Inactive user re-engagement completed. Success: 0/0
2024-11-30 17:53:40,982 - re_engagement - INFO - Starting re-engagement system
2024-11-30 17:53:40,982 - re_engagement - INFO - Beginning re-engagement cycle
2024-11-30 17:53:40,983 - re_engagement - INFO - Starting weekly reset notification process
2024-11-30 17:53:48,609 - re_engagement - INFO - Starting re-engagement system
2024-11-30 17:53:48,609 - re_engagement - INFO - Beginning re-engagement cycle
2024-11-30 17:53:48,609 - re_engagement - INFO - Starting weekly reset notification process
2024-11-30 17:53:49,088 - re_engagement - INFO - Found 0 users eligible for weekly reset notification
2024-11-30 17:53:49,088 - re_engagement - INFO - Weekly reset notifications completed. Success: 0/0
2024-11-30 17:54:38,502 - re_engagement - INFO - Starting re-engagement system
2024-11-30 17:54:38,503 - re_engagement - INFO - Beginning re-engagement cycle
2024-11-30 17:54:38,503 - re_engagement - INFO - Starting weekly reset notification process
2024-11-30 17:54:38,981 - re_engagement - INFO - Found 0 users eligible for weekly reset notification
2024-11-30 17:54:38,981 - re_engagement - INFO - Weekly reset notifications completed. Success: 0/0
2024-11-30 17:54:58,133 - re_engagement - INFO - Starting re-engagement system
2024-11-30 17:54:58,133 - re_engagement - INFO - Beginning re-engagement cycle
2024-11-30 17:54:58,134 - re_engagement - INFO - Starting weekly reset notification process
2024-11-30 17:54:58,612 - re_engagement - INFO - Found 0 users eligible for weekly reset notification
2024-11-30 17:54:58,612 - re_engagement - INFO - Weekly reset notifications completed. Success: 0/0
2024-11-30 17:55:58,846 - re_engagement - INFO - Starting inactive users re-engagement process
2024-11-30 17:55:59,314 - re_engagement - INFO - Found 0 inactive users to re-engage
2024-11-30 17:55:59,314 - re_engagement - INFO - Inactive user re-engagement completed. Success: 0/0
2024-11-30 17:56:21,022 - re_engagement - INFO - Starting re-engagement system
2024-11-30 17:56:21,022 - re_engagement - INFO - Beginning re-engagement cycle
2024-11-30 17:56:21,022 - re_engagement - INFO - Starting weekly reset notification process
2024-11-30 17:56:21,500 - re_engagement - INFO - Found 0 users eligible for weekly reset notification
2024-11-30 17:56:21,500 - re_engagement - INFO - Weekly reset notifications completed. Success: 0/0
2024-11-30 17:57:03,402 - re_engagement - INFO - Starting re-engagement system
2024-11-30 17:57:03,402 - re_engagement - INFO - Beginning re-engagement cycle
2024-11-30 17:57:03,403 - re_engagement - INFO - Starting weekly reset notification process
2024-11-30 17:57:03,403 - re_engagement - ERROR - Error in notify_weekly_reset: Test error for error handling validation
2024-11-30 18:01:00,967 - re_engagement - INFO - Starting re-engagement system
2024-11-30 18:01:00,967 - re_engagement - INFO - Beginning re-engagement cycle
2024-11-30 18:01:00,968 - re_engagement - INFO - Starting weekly reset notification process
2024-11-30 18:01:00,968 - re_engagement - ERROR - Error in notify_weekly_reset: Test error for error handling validation
2024-11-30 18:01:25,014 - re_engagement - INFO - Starting re-engagement system
2024-11-30 18:01:25,014 - re_engagement - INFO - Beginning re-engagement cycle
2024-11-30 18:01:25,014 - re_engagement - INFO - Starting weekly reset notification process
2024-11-30 18:01:25,492 - re_engagement - INFO - Found 0 users eligible for weekly reset notification
2024-11-30 18:01:25,492 - re_engagement - INFO - Weekly reset notifications completed. Success: 0/0
2024-11-30 18:02:04,914 - re_engagement - INFO - Starting re-engagement system
2024-11-30 18:02:04,915 - re_engagement - INFO - Beginning re-engagement cycle
2024-11-30 18:02:04,915 - re_engagement - INFO - Starting weekly reset notification process
2024-11-30 18:02:05,389 - re_engagement - INFO - Found 0 users eligible for weekly reset notification
2024-11-30 18:02:05,389 - re_engagement - INFO - Weekly reset notifications completed. Success: 0/0
2024-11-30 18:02:37,351 - re_engagement - INFO - Starting re-engagement system
2024-11-30 18:02:37,352 - re_engagement - INFO - Beginning re-engagement cycle
2024-11-30 18:02:37,352 - re_engagement - INFO - Starting weekly reset notification process
2024-11-30 18:02:37,822 - re_engagement - INFO - Found 0 users eligible for weekly reset notification
2024-11-30 18:02:37,822 - re_engagement - INFO - Weekly reset notifications completed. Success: 0/0
2024-11-30 18:03:20,104 - re_engagement - INFO - Starting re-engagement system
2024-11-30 18:03:20,105 - re_engagement - INFO - Beginning re-engagement cycle
2024-11-30 18:03:20,105 - re_engagement - INFO - Starting weekly reset notification process
2024-11-30 18:03:20,584 - re_engagement - INFO - Found 0 users eligible for weekly reset notification
2024-11-30 18:03:20,584 - re_engagement - INFO - Weekly reset notifications completed. Success: 0/0
2024-11-30 18:07:16,916 - re_engagement - INFO - Starting re-engagement system
2024-11-30 18:07:16,916 - re_engagement - INFO - Beginning re-engagement cycle
2024-11-30 18:07:16,916 - re_engagement - INFO - Starting weekly reset notification process
2024-11-30 18:07:17,383 - re_engagement - INFO - Found 0 users eligible for weekly reset notification
2024-11-30 18:07:17,383 - re_engagement - INFO - Weekly reset notifications completed. Success: 0/0
2024-11-30 18:08:17,611 - re_engagement - INFO - Starting inactive users re-engagement process
2024-11-30 18:08:18,071 - re_engagement - INFO - Found 0 inactive users to re-engage
2024-11-30 18:08:18,072 - re_engagement - INFO - Inactive user re-engagement completed. Success: 0/0
2024-11-30 18:09:18,300 - re_engagement - INFO - Starting subscription reminder process
2024-11-30 18:09:18,758 - re_engagement - INFO - Found 0 users eligible for subscription reminders
2024-11-30 18:09:18,758 - re_engagement - INFO - Subscription reminders completed. Success: 0/0
2024-11-30 18:09:18,986 - re_engagement - INFO - Re-engagement cycle completed successfully
2024-11-30 18:09:18,986 - re_engagement - INFO - Waiting 6 hours before next cycle
2024-11-30 18:16:19,533 - re_engagement - INFO - Starting re-engagement system
2024-11-30 18:16:19,533 - re_engagement - INFO - Beginning re-engagement cycle
2024-11-30 18:16:19,533 - re_engagement - INFO - Starting weekly reset notification process
2024-11-30 18:16:20,020 - re_engagement - INFO - Found 0 users eligible for weekly reset notification
2024-11-30 18:16:20,020 - re_engagement - INFO - Weekly reset notifications completed. Success: 0/0
2024-11-30 18:17:00,450 - re_engagement - INFO - Starting re-engagement system
2024-11-30 18:17:00,450 - re_engagement - INFO - Beginning re-engagement cycle
2024-11-30 18:17:00,450 - re_engagement - INFO - Starting weekly reset notification process
2024-11-30 18:17:00,927 - re_engagement - INFO - Found 0 users eligible for weekly reset notification
2024-11-30 18:17:00,927 - re_engagement - INFO - Weekly reset notifications completed. Success: 0/0
2024-11-30 18:29:31,145 - re_engagement - INFO - Starting re-engagement system
2024-11-30 18:29:31,145 - re_engagement - INFO - Beginning re-engagement cycle
2024-11-30 18:29:31,145 - re_engagement - INFO - Starting weekly reset notification process
2024-11-30 18:29:31,614 - re_engagement - INFO - Found 0 users eligible for weekly reset notification
2024-11-30 18:29:31,615 - re_engagement - INFO - Weekly reset notifications completed. Success: 0/0
2024-11-30 18:30:06,004 - re_engagement - INFO - Starting re-engagement system
2024-11-30 18:30:06,004 - re_engagement - INFO - Beginning re-engagement cycle
2024-11-30 18:30:06,004 - re_engagement - INFO - Starting weekly reset notification process
2024-11-30 18:30:06,477 - re_engagement - INFO - Found 0 users eligible for weekly reset notification
2024-11-30 18:30:06,477 - re_engagement - INFO - Weekly reset notifications completed. Success: 0/0
2024-11-30 18:30:51,812 - re_engagement - INFO - Starting re-engagement system
2024-11-30 18:30:51,813 - re_engagement - INFO - Beginning re-engagement cycle
2024-11-30 18:30:51,813 - re_engagement - INFO - Starting weekly reset notification process
2024-11-30 18:30:52,284 - re_engagement - INFO - Found 0 users eligible for weekly reset notification
2024-11-30 18:30:52,285 - re_engagement - INFO - Weekly reset notifications completed. Success: 0/0
2024-11-30 18:31:52,515 - re_engagement - INFO - Starting inactive users re-engagement process
2024-11-30 18:31:53,007 - re_engagement - INFO - Found 0 inactive users to re-engage
2024-11-30 18:31:53,007 - re_engagement - INFO - Inactive user re-engagement completed. Success: 0/0
